Vivado Simulator 2017.3
Copyright 1986-1999, 2001-2016 Xilinx, Inc. All Rights Reserved.
Running: C:/Xilinx/Vivado/2017.3/bin/unwrapped/win64.o/xelab.exe -wto 5e14eb28bb3c4be1907377b87848d174 --incr --debug typical --relax --mt 2 -L blk_mem_gen_v8_4_0 -L xil_defaultlib -L ahblite_axi_bridge_v3_0_12 -L unisims_ver -L unimacro_ver -L secureip -L xpm --snapshot tb_cmsdk_mcu_behav xil_defaultlib.tb_cmsdk_mcu xil_defaultlib.glbl -log elaborate.log 
Using 2 slave threads.
Starting static elaboration
WARNING: [VRFC 10-278] actual bit length 12 differs from formal bit length 13 for port paddr [C:/Users/Viet Nguyen/Documents/project_vivado/cmsdk_mcu/cmsdk_mcu/cmsdk_mcu_system.v:1060]
WARNING: [VRFC 10-278] actual bit length 3 differs from formal bit length 2 for port hwsize [C:/Users/Viet Nguyen/Documents/project_vivado/cmsdk_mcu/cmsdk_mcu/cmsdk_mcu_system.v:1084]
WARNING: [VRFC 10-1783] select index 62 into current_contents is out of bounds [/wrk/2017.3/nightly/2017_10_04_2018833/packages/customer/vivado/data/ip/xilinx/blk_mem_gen_v8_4/simulation/blk_mem_gen_v8_4.v:2420]
WARNING: [VRFC 10-1324] repetition multiplier must be positive [C:/Users/Viet Nguyen/Documents/project_vivado/cmsdk_mcu/cmsdk_mcu/cmsdk_mcu_system.v:1021]
Completed static elaboration
Starting simulation data flow analysis
WARNING: [XSIM 43-4099] "C:/Users/Viet Nguyen/Documents/project_vivado/cmsdk_mcu/cmsdk_mcu/ahb3lite_interconnect.sv" Line 22. Module ahb3lite_interconnect_default doesn't have a timescale but at least one module in design has a timescale.
WARNING: [XSIM 43-4099] "C:/Users/Viet Nguyen/Documents/project_vivado/cmsdk_mcu/cmsdk_mcu/ahb3lite_interconnect_master_port.sv" Line 39. Module ahb3lite_interconnect_master_port(SLAVES=9) doesn't have a timescale but at least one module in design has a timescale.
WARNING: [XSIM 43-4099] "C:/Users/Viet Nguyen/Documents/project_vivado/cmsdk_mcu/cmsdk_mcu/ahb3lite_interconnect_master_port.sv" Line 39. Module ahb3lite_interconnect_master_port(SLAVES=9) doesn't have a timescale but at least one module in design has a timescale.
WARNING: [XSIM 43-4099] "C:/Users/Viet Nguyen/Documents/project_vivado/cmsdk_mcu/cmsdk_mcu/ahb3lite_interconnect_master_port.sv" Line 39. Module ahb3lite_interconnect_master_port(SLAVES=9) doesn't have a timescale but at least one module in design has a timescale.
WARNING: [XSIM 43-4099] "C:/Users/Viet Nguyen/Documents/project_vivado/cmsdk_mcu/cmsdk_mcu/ahb3lite_interconnect_slave_port.sv" Line 39. Module ahb3lite_interconnect_slave_port(SLAVES=9) doesn't have a timescale but at least one module in design has a timescale.
WARNING: [XSIM 43-4099] "C:/Users/Viet Nguyen/Documents/project_vivado/cmsdk_mcu/cmsdk_mcu/ahb3lite_interconnect_slave_port.sv" Line 39. Module ahb3lite_interconnect_slave_port(SLAVES=9) doesn't have a timescale but at least one module in design has a timescale.
WARNING: [XSIM 43-4099] "C:/Users/Viet Nguyen/Documents/project_vivado/cmsdk_mcu/cmsdk_mcu/ahb3lite_interconnect_slave_port.sv" Line 39. Module ahb3lite_interconnect_slave_port(SLAVES=9) doesn't have a timescale but at least one module in design has a timescale.
WARNING: [XSIM 43-4099] "C:/Users/Viet Nguyen/Documents/project_vivado/cmsdk_mcu/cmsdk_mcu/ahb3lite_interconnect_slave_port.sv" Line 39. Module ahb3lite_interconnect_slave_port(SLAVES=9) doesn't have a timescale but at least one module in design has a timescale.
WARNING: [XSIM 43-4099] "C:/Users/Viet Nguyen/Documents/project_vivado/cmsdk_mcu/cmsdk_mcu/ahb3lite_interconnect_slave_port.sv" Line 39. Module ahb3lite_interconnect_slave_port(SLAVES=9) doesn't have a timescale but at least one module in design has a timescale.
WARNING: [XSIM 43-4099] "C:/Users/Viet Nguyen/Documents/project_vivado/cmsdk_mcu/cmsdk_mcu/ahb3lite_interconnect_slave_port.sv" Line 39. Module ahb3lite_interconnect_slave_port(SLAVES=9) doesn't have a timescale but at least one module in design has a timescale.
WARNING: [XSIM 43-4099] "C:/Users/Viet Nguyen/Documents/project_vivado/cmsdk_mcu/cmsdk_mcu/ahb3lite_interconnect_slave_port.sv" Line 39. Module ahb3lite_interconnect_slave_port(SLAVES=9) doesn't have a timescale but at least one module in design has a timescale.
WARNING: [XSIM 43-4099] "C:/Users/Viet Nguyen/Documents/project_vivado/cmsdk_mcu/cmsdk_mcu/ahb3lite_interconnect_slave_port.sv" Line 39. Module ahb3lite_interconnect_slave_port(SLAVES=9) doesn't have a timescale but at least one module in design has a timescale.
WARNING: [XSIM 43-4099] "C:/Users/Viet Nguyen/Documents/project_vivado/cmsdk_mcu/cmsdk_mcu/ahb3lite_interconnect_slave_port.sv" Line 39. Module ahb3lite_interconnect_slave_port(SLAVES=9) doesn't have a timescale but at least one module in design has a timescale.
WARNING: [XSIM 43-4099] "C:/Users/Viet Nguyen/Documents/project_vivado/cmsdk_mcu/cmsdk_mcu/ahb3lite_interconnect.sv" Line 22. Module ahb3lite_interconnect_default doesn't have a timescale but at least one module in design has a timescale.
WARNING: [XSIM 43-4099] "C:/Users/Viet Nguyen/Documents/project_vivado/cmsdk_mcu/cmsdk_mcu/ahb3lite_interconnect_master_port.sv" Line 39. Module ahb3lite_interconnect_master_port(SLAVES=9) doesn't have a timescale but at least one module in design has a timescale.
WARNING: [XSIM 43-4099] "C:/Users/Viet Nguyen/Documents/project_vivado/cmsdk_mcu/cmsdk_mcu/ahb3lite_interconnect_master_port.sv" Line 39. Module ahb3lite_interconnect_master_port(SLAVES=9) doesn't have a timescale but at least one module in design has a timescale.
WARNING: [XSIM 43-4099] "C:/Users/Viet Nguyen/Documents/project_vivado/cmsdk_mcu/cmsdk_mcu/ahb3lite_interconnect_master_port.sv" Line 39. Module ahb3lite_interconnect_master_port(SLAVES=9) doesn't have a timescale but at least one module in design has a timescale.
WARNING: [XSIM 43-4099] "C:/Users/Viet Nguyen/Documents/project_vivado/cmsdk_mcu/cmsdk_mcu/ahb3lite_interconnect_slave_port.sv" Line 39. Module ahb3lite_interconnect_slave_port(SLAVES=9) doesn't have a timescale but at least one module in design has a timescale.
WARNING: [XSIM 43-4099] "C:/Users/Viet Nguyen/Documents/project_vivado/cmsdk_mcu/cmsdk_mcu/ahb3lite_interconnect_slave_port.sv" Line 39. Module ahb3lite_interconnect_slave_port(SLAVES=9) doesn't have a timescale but at least one module in design has a timescale.
WARNING: [XSIM 43-4099] "C:/Users/Viet Nguyen/Documents/project_vivado/cmsdk_mcu/cmsdk_mcu/ahb3lite_interconnect_slave_port.sv" Line 39. Module ahb3lite_interconnect_slave_port(SLAVES=9) doesn't have a timescale but at least one module in design has a timescale.
WARNING: [XSIM 43-4099] "C:/Users/Viet Nguyen/Documents/project_vivado/cmsdk_mcu/cmsdk_mcu/ahb3lite_interconnect_slave_port.sv" Line 39. Module ahb3lite_interconnect_slave_port(SLAVES=9) doesn't have a timescale but at least one module in design has a timescale.
WARNING: [XSIM 43-4099] "C:/Users/Viet Nguyen/Documents/project_vivado/cmsdk_mcu/cmsdk_mcu/ahb3lite_interconnect_slave_port.sv" Line 39. Module ahb3lite_interconnect_slave_port(SLAVES=9) doesn't have a timescale but at least one module in design has a timescale.
WARNING: [XSIM 43-4099] "C:/Users/Viet Nguyen/Documents/project_vivado/cmsdk_mcu/cmsdk_mcu/ahb3lite_interconnect_slave_port.sv" Line 39. Module ahb3lite_interconnect_slave_port(SLAVES=9) doesn't have a timescale but at least one module in design has a timescale.
WARNING: [XSIM 43-4099] "C:/Users/Viet Nguyen/Documents/project_vivado/cmsdk_mcu/cmsdk_mcu/ahb3lite_interconnect_slave_port.sv" Line 39. Module ahb3lite_interconnect_slave_port(SLAVES=9) doesn't have a timescale but at least one module in design has a timescale.
WARNING: [XSIM 43-4099] "C:/Users/Viet Nguyen/Documents/project_vivado/cmsdk_mcu/cmsdk_mcu/ahb3lite_interconnect_slave_port.sv" Line 39. Module ahb3lite_interconnect_slave_port(SLAVES=9) doesn't have a timescale but at least one module in design has a timescale.
WARNING: [XSIM 43-4099] "C:/Users/Viet Nguyen/Documents/project_vivado/cmsdk_mcu/cmsdk_mcu/ahb3lite_interconnect_slave_port.sv" Line 39. Module ahb3lite_interconnect_slave_port(SLAVES=9) doesn't have a timescale but at least one module in design has a timescale.
WARNING: [XSIM 43-4099] "C:/Users/Viet Nguyen/Documents/project_vivado/cmsdk_mcu/cmsdk_mcu/ahb3lite_interconnect.sv" Line 22. Module ahb3lite_interconnect_default doesn't have a timescale but at least one module in design has a timescale.
WARNING: [XSIM 43-4099] "C:/Users/Viet Nguyen/Documents/project_vivado/cmsdk_mcu/cmsdk_mcu/ahb3lite_interconnect_master_port.sv" Line 39. Module ahb3lite_interconnect_master_port(SLAVES=9) doesn't have a timescale but at least one module in design has a timescale.
WARNING: [XSIM 43-4099] "C:/Users/Viet Nguyen/Documents/project_vivado/cmsdk_mcu/cmsdk_mcu/ahb3lite_interconnect_master_port.sv" Line 39. Module ahb3lite_interconnect_master_port(SLAVES=9) doesn't have a timescale but at least one module in design has a timescale.
WARNING: [XSIM 43-4099] "C:/Users/Viet Nguyen/Documents/project_vivado/cmsdk_mcu/cmsdk_mcu/ahb3lite_interconnect_master_port.sv" Line 39. Module ahb3lite_interconnect_master_port(SLAVES=9) doesn't have a timescale but at least one module in design has a timescale.
WARNING: [XSIM 43-4099] "C:/Users/Viet Nguyen/Documents/project_vivado/cmsdk_mcu/cmsdk_mcu/ahb3lite_interconnect_slave_port.sv" Line 39. Module ahb3lite_interconnect_slave_port(SLAVES=9) doesn't have a timescale but at least one module in design has a timescale.
WARNING: [XSIM 43-4099] "C:/Users/Viet Nguyen/Documents/project_vivado/cmsdk_mcu/cmsdk_mcu/ahb3lite_interconnect_slave_port.sv" Line 39. Module ahb3lite_interconnect_slave_port(SLAVES=9) doesn't have a timescale but at least one module in design has a timescale.
WARNING: [XSIM 43-4099] "C:/Users/Viet Nguyen/Documents/project_vivado/cmsdk_mcu/cmsdk_mcu/ahb3lite_interconnect_slave_port.sv" Line 39. Module ahb3lite_interconnect_slave_port(SLAVES=9) doesn't have a timescale but at least one module in design has a timescale.
WARNING: [XSIM 43-4099] "C:/Users/Viet Nguyen/Documents/project_vivado/cmsdk_mcu/cmsdk_mcu/ahb3lite_interconnect_slave_port.sv" Line 39. Module ahb3lite_interconnect_slave_port(SLAVES=9) doesn't have a timescale but at least one module in design has a timescale.
WARNING: [XSIM 43-4099] "C:/Users/Viet Nguyen/Documents/project_vivado/cmsdk_mcu/cmsdk_mcu/ahb3lite_interconnect_slave_port.sv" Line 39. Module ahb3lite_interconnect_slave_port(SLAVES=9) doesn't have a timescale but at least one module in design has a timescale.
WARNING: [XSIM 43-4099] "C:/Users/Viet Nguyen/Documents/project_vivado/cmsdk_mcu/cmsdk_mcu/ahb3lite_interconnect_slave_port.sv" Line 39. Module ahb3lite_interconnect_slave_port(SLAVES=9) doesn't have a timescale but at least one module in design has a timescale.
WARNING: [XSIM 43-4099] "C:/Users/Viet Nguyen/Documents/project_vivado/cmsdk_mcu/cmsdk_mcu/ahb3lite_interconnect_slave_port.sv" Line 39. Module ahb3lite_interconnect_slave_port(SLAVES=9) doesn't have a timescale but at least one module in design has a timescale.
WARNING: [XSIM 43-4099] "C:/Users/Viet Nguyen/Documents/project_vivado/cmsdk_mcu/cmsdk_mcu/ahb3lite_interconnect_slave_port.sv" Line 39. Module ahb3lite_interconnect_slave_port(SLAVES=9) doesn't have a timescale but at least one module in design has a timescale.
WARNING: [XSIM 43-4099] "C:/Users/Viet Nguyen/Documents/project_vivado/cmsdk_mcu/cmsdk_mcu/ahb3lite_interconnect_slave_port.sv" Line 39. Module ahb3lite_interconnect_slave_port(SLAVES=9) doesn't have a timescale but at least one module in design has a timescale.
WARNING: [XSIM 43-4099] "C:/Users/Viet Nguyen/Documents/project_vivado/cmsdk_mcu/cmsdk_mcu/ahb3lite_pkg.sv" Line 34. Module ahb3lite_pkg doesn't have a timescale but at least one module in design has a timescale.
Completed simulation data flow analysis
Time Resolution for simulation is 1ps
Compiling package std.standard
Compiling package std.textio
Compiling package ieee.std_logic_1164
Compiling package ieee.numeric_std
Compiling package ieee.std_logic_arith
Compiling package ieee.std_logic_unsigned
Compiling package ahblite_axi_bridge_v3_0_12.ahblite_axi_bridge_pkg
Compiling module xil_defaultlib.cmsdk_mcu_clkctrl_default
Compiling module xil_defaultlib.ahb_rom
Compiling architecture rtl of entity ahblite_axi_bridge_v3_0_12.ahblite_axi_control [ahblite_axi_control_default]
Compiling architecture rtl of entity ahblite_axi_bridge_v3_0_12.ahb_if [ahb_if_default]
Compiling architecture imp of entity ahblite_axi_bridge_v3_0_12.counter_f [\counter_f(c_num_bits=5,c_family...]
Compiling architecture rtl of entity ahblite_axi_bridge_v3_0_12.ahb_data_counter [ahb_data_counter_default]
Compiling architecture rtl of entity ahblite_axi_bridge_v3_0_12.axi_wchannel [\axi_wchannel(c_m_axi_supports_n...]
Compiling architecture rtl of entity ahblite_axi_bridge_v3_0_12.axi_rchannel [axi_rchannel_default]
Compiling architecture rtl of entity ahblite_axi_bridge_v3_0_12.time_out [\time_out(1,7)\]
Compiling architecture rtl of entity ahblite_axi_bridge_v3_0_12.ahblite_axi_bridge [\ahblite_axi_bridge(c_instance="...]
Compiling architecture ahblite_axi_bridge_0_arch of entity xil_defaultlib.ahblite_axi_bridge_0 [ahblite_axi_bridge_0_default]
Compiling module blk_mem_gen_v8_4_0.beh_vlog_ff_clr_v8_4(INIT=1'b0)
Compiling module blk_mem_gen_v8_4_0.beh_vlog_ff_pre_v8_4(INIT=1'b1)
Compiling module blk_mem_gen_v8_4_0.STATE_LOGIC_v8_4(INIT=64'b010101...
Compiling module blk_mem_gen_v8_4_0.STATE_LOGIC_v8_4(INIT=64'b101111...
Compiling module blk_mem_gen_v8_4_0.STATE_LOGIC_v8_4(INIT=64'b101010...
Compiling module blk_mem_gen_v8_4_0.STATE_LOGIC_v8_4(INIT=64'b010101...
Compiling module blk_mem_gen_v8_4_0.STATE_LOGIC_v8_4(INIT=64'b010001...
Compiling module blk_mem_gen_v8_4_0.STATE_LOGIC_v8_4(INIT=64'b010001...
Compiling module blk_mem_gen_v8_4_0.STATE_LOGIC_v8_4(INIT=64'b011010...
Compiling module blk_mem_gen_v8_4_0.STATE_LOGIC_v8_4(INIT=64'b111111...
Compiling module blk_mem_gen_v8_4_0.STATE_LOGIC_v8_4(INIT=64'b011000...
Compiling module blk_mem_gen_v8_4_0.STATE_LOGIC_v8_4(INIT=64'b011111...
Compiling module blk_mem_gen_v8_4_0.STATE_LOGIC_v8_4(INIT=64'b0111)
Compiling module blk_mem_gen_v8_4_0.STATE_LOGIC_v8_4(INIT=64'b111110...
Compiling module blk_mem_gen_v8_4_0.STATE_LOGIC_v8_4(INIT=64'b01000)
Compiling module blk_mem_gen_v8_4_0.STATE_LOGIC_v8_4(INIT=64'b100010...
Compiling module blk_mem_gen_v8_4_0.write_netlist_v8_4(C_AXI_TYPE=1)
Compiling module blk_mem_gen_v8_4_0.blk_mem_axi_write_wrapper_beh_v8...
Compiling module blk_mem_gen_v8_4_0.beh_vlog_ff_ce_clr_v8_4(INIT=1'b...
Compiling module blk_mem_gen_v8_4_0.STATE_LOGIC_v8_4(INIT=64'b01011)
Compiling module blk_mem_gen_v8_4_0.STATE_LOGIC_v8_4(INIT=64'b0100)
Compiling module blk_mem_gen_v8_4_0.STATE_LOGIC_v8_4(INIT=64'b111011...
Compiling module blk_mem_gen_v8_4_0.STATE_LOGIC_v8_4(INIT=64'b010001...
Compiling module blk_mem_gen_v8_4_0.STATE_LOGIC_v8_4(INIT=64'b010000...
Compiling module blk_mem_gen_v8_4_0.STATE_LOGIC_v8_4(INIT=64'b011111...
Compiling module blk_mem_gen_v8_4_0.STATE_LOGIC_v8_4(INIT=64'b01)
Compiling module blk_mem_gen_v8_4_0.STATE_LOGIC_v8_4(INIT=64'b010000...
Compiling module blk_mem_gen_v8_4_0.STATE_LOGIC_v8_4(INIT=64'b010001...
Compiling module blk_mem_gen_v8_4_0.STATE_LOGIC_v8_4(INIT=64'b011101...
Compiling module blk_mem_gen_v8_4_0.STATE_LOGIC_v8_4(INIT=64'b111111...
Compiling module blk_mem_gen_v8_4_0.STATE_LOGIC_v8_4(INIT=64'b010101...
Compiling module blk_mem_gen_v8_4_0.STATE_LOGIC_v8_4(INIT=64'b111100...
Compiling module blk_mem_gen_v8_4_0.beh_vlog_muxf7_v8_4
Compiling module blk_mem_gen_v8_4_0.STATE_LOGIC_v8_4(INIT=64'b010101...
Compiling module blk_mem_gen_v8_4_0.STATE_LOGIC_v8_4(INIT=64'b011100...
Compiling module blk_mem_gen_v8_4_0.STATE_LOGIC_v8_4(INIT=64'b011111...
Compiling module blk_mem_gen_v8_4_0.STATE_LOGIC_v8_4(INIT=64'b010001...
Compiling module blk_mem_gen_v8_4_0.STATE_LOGIC_v8_4(INIT=64'b010001...
Compiling module blk_mem_gen_v8_4_0.STATE_LOGIC_v8_4(INIT=64'b011100...
Compiling module blk_mem_gen_v8_4_0.read_netlist_v8_4(C_ADDRB_WIDTH=...
Compiling module blk_mem_gen_v8_4_0.blk_mem_axi_read_wrapper_beh_v8_...
Compiling module blk_mem_gen_v8_4_0.blk_mem_gen_v8_4_0_output_stage(...
Compiling module blk_mem_gen_v8_4_0.blk_mem_gen_v8_4_0_output_stage(...
Compiling module blk_mem_gen_v8_4_0.blk_mem_gen_v8_4_0_softecc_outpu...
Compiling module blk_mem_gen_v8_4_0.blk_mem_gen_v8_4_0_mem_module(C_...
Compiling module blk_mem_gen_v8_4_0.blk_mem_gen_v8_4_0(C_ELABORATION...
Compiling module xil_defaultlib.blk_mem_gen_0
Compiling module xil_defaultlib.cortexm0ds_logic
Compiling module xil_defaultlib.CORTEXM0INTEGRATION
Compiling module xil_defaultlib.cmsdk_ahb_bitband
Compiling module xil_defaultlib.cmsdk_ahb_master_mux(PORT1_ENABL...
Compiling module xil_defaultlib.cmsdk_mcu_addr_decode
Compiling module xil_defaultlib.cmsdk_ahb_slave_mux(PORT2_ENABLE...
Compiling module xil_defaultlib.cmsdk_ahb_default_slave
Compiling module xil_defaultlib.cmsdk_ahb_cs_rom_table(BASE=32'b...
Compiling module xil_defaultlib.cmsdk_mcu_sysctrl
Compiling module xil_defaultlib.cmsdk_ahb_to_iop
Compiling module xil_defaultlib.cmsdk_iop_gpio
Compiling module xil_defaultlib.cmsdk_ahb_gpio
Compiling module xil_defaultlib.cmsdk_ahb_to_apb
Compiling module xil_defaultlib.cmsdk_apb_slave_mux(PORT3_ENABLE...
Compiling module xil_defaultlib.cmsdk_apb_timer
Compiling module xil_defaultlib.cmsdk_apb_dualtimers_frc
Compiling module xil_defaultlib.cmsdk_apb_dualtimers
Compiling module xil_defaultlib.cmsdk_apb_watchdog_frc
Compiling module xil_defaultlib.cmsdk_apb_watchdog
Compiling module xil_defaultlib.cmsdk_apb_uart
Compiling module xil_defaultlib.cmsdk_apb_test_slave
Compiling module xil_defaultlib.cmsdk_apb_subsystem_m0ds(APB_EXT...
Compiling module xil_defaultlib.dma_ahb32_apb_mux
Compiling module xil_defaultlib.prgen_scatter8_1
Compiling module xil_defaultlib.dma_ahb32_reg_core0
Compiling module xil_defaultlib.dma_ahb32_reg
Compiling module xil_defaultlib.dma_ahb32_core0_wdt
Compiling module xil_defaultlib.dma_ahb32_core0_arbiter
Compiling module xil_defaultlib.dma_ahb32_core0_ctrl
Compiling module xil_defaultlib.prgen_delay
Compiling module xil_defaultlib.prgen_delay(DELAY=1)
Compiling module xil_defaultlib.prgen_fifo(WIDTH=3,DEPTH_FULL=2)
Compiling module xil_defaultlib.prgen_stall(DEPTH=3)
Compiling module xil_defaultlib.prgen_joint_stall(SIZE_BITS=3)
Compiling module xil_defaultlib.prgen_stall
Compiling module xil_defaultlib.prgen_fifo(WIDTH=44,DEPTH_FULL=3...
Compiling module xil_defaultlib.prgen_fifo(WIDTH=11,DEPTH_FULL=3...
Compiling module xil_defaultlib.prgen_fifo(WIDTH=32,DEPTH_FULL=7...
Compiling module xil_defaultlib.dma_ahb32_core0_ahbm_timeout
Compiling module xil_defaultlib.dma_ahb32_core0_ahbm_wr
Compiling module xil_defaultlib.prgen_fifo(WIDTH=42,DEPTH_FULL=2...
Compiling module xil_defaultlib.prgen_fifo(WIDTH=7,DEPTH_FULL=2)
Compiling module xil_defaultlib.dma_ahb32_core0_ahbm_rd
Compiling module xil_defaultlib.prgen_demux8(WIDTH=1)
Compiling module xil_defaultlib.prgen_mux8(WIDTH=32)
Compiling module xil_defaultlib.dma_ahb32_core0_channels_apb_mux
Compiling module xil_defaultlib.prgen_or8(WIDTH=1)
Compiling module xil_defaultlib.prgen_or8(WIDTH=32)
Compiling module xil_defaultlib.prgen_or8(WIDTH=31)
Compiling module xil_defaultlib.prgen_mux8(WIDTH=3)
Compiling module xil_defaultlib.prgen_mux8(WIDTH=1)
Compiling module xil_defaultlib.prgen_mux8(WIDTH=7)
Compiling module xil_defaultlib.prgen_mux8(WIDTH=6)
Compiling module xil_defaultlib.dma_ahb32_core0_channels_mux
Compiling module xil_defaultlib.prgen_min2(WIDTH=7)
Compiling module xil_defaultlib.dma_ahb32_core0_ch_reg_size_defa...
Compiling module xil_defaultlib.prgen_rawstat(SIZE=8)
Compiling module xil_defaultlib.dma_ahb32_core0_ch_reg
Compiling module xil_defaultlib.dma_ahb32_core0_ch_offsets
Compiling module xil_defaultlib.dma_ahb32_core0_ch_remain
Compiling module xil_defaultlib.dma_ahb32_core0_ch_outs
Compiling module xil_defaultlib.dma_ahb32_core0_ch_calc_addr
Compiling module xil_defaultlib.prgen_min3(WIDTH=7)
Compiling module xil_defaultlib.dma_ahb32_core0_ch_calc_joint(RE...
Compiling module xil_defaultlib.dma_ahb32_core0_ch_calc_size(REA...
Compiling module xil_defaultlib.dma_ahb32_core0_ch_calc(READ=1)
Compiling module xil_defaultlib.dma_ahb32_core0_ch_calc_joint_de...
Compiling module xil_defaultlib.dma_ahb32_core0_ch_calc_size
Compiling module xil_defaultlib.dma_ahb32_core0_ch_calc
Compiling module xil_defaultlib.dma_ahb32_core0_ch_periph_mux
Compiling module xil_defaultlib.prgen_min2(WIDTH=3)
Compiling module xil_defaultlib.prgen_swap32
Compiling module xil_defaultlib.dma_ahb32_core0_ch_wr_slicer
Compiling module xil_defaultlib.dma_ahb32_core0_ch_rd_slicer
Compiling module xil_defaultlib.dma_ahb32_core0_ch_fifo_ptr
Compiling module xil_defaultlib.dma_ahb32_core0_ch_fifo
Compiling module xil_defaultlib.dma_ahb32_core0_ch_fifo_ctrl
Compiling module xil_defaultlib.dma_ahb32_core0_ch
Compiling module xil_defaultlib.dma_ahb32_core0_ch_empty
Compiling module xil_defaultlib.dma_ahb32_core0_channels
Compiling module xil_defaultlib.dma_ahb32_core0
Compiling module xil_defaultlib.dma_ahb32_core0_top
Compiling module xil_defaultlib.dma_ahb32_dual_core
Compiling module xil_defaultlib.dma_ahb32
Compiling module xil_defaultlib.cmsdk_mcu_stclkctrl_default
Compiling module xil_defaultlib.ahb3lite_interconnect_master_por...
Compiling module xil_defaultlib.ahb3lite_interconnect_slave_port...
Compiling module xil_defaultlib.ahb3lite_interconnect_default
WARNING: [VRFC 10-1324] repetition multiplier must be positive [C:/Users/Viet Nguyen/Documents/project_vivado/cmsdk_mcu/cmsdk_mcu/cmsdk_mcu_system.v:1021]
Compiling module xil_defaultlib.cmsdk_mcu_system(WIC=1)
Compiling module xil_defaultlib.cmsdk_mcu_pin_mux
Compiling module xil_defaultlib.cmsdk_mcu(WIC=1)
Compiling module xil_defaultlib.cmsdk_clkreset
Compiling module xil_defaultlib.cmsdk_uart_capture
Compiling module xil_defaultlib.tb_cmsdk_mcu
Compiling module xil_defaultlib.glbl
Compiling package xil_defaultlib.ahb3lite_pkg
Built simulation snapshot tb_cmsdk_mcu_behav
